<?xml version="1.0" encoding="UTF-8"?>
<coverage generated="1677674578323" clover="3.2.0">
  <project timestamp="1677674578324" name="All files">
    <metrics statements="3" coveredstatements="3" conditionals="0" coveredconditionals="0" methods="2" coveredmethods="2" elements="5" coveredelements="5" complexity="0" loc="3" ncloc="3" packages="1" files="1" classes="1"/>
    <file name="depositPlanUtils.ts" path="/Users/dylankhiewtienjie/Developer/deposit-plan-case/src/utils/depositPlanUtils.ts">
      <metrics statements="3" coveredstatements="3" conditionals="0" coveredconditionals="0" methods="2" coveredmethods="2"/>
      <line num="2" count="1" type="stmt"/>
      <line num="3" count="3" type="stmt"/>
      <line num="6" count="1" type="stmt"/>
    </file>
  </project>
</coverage>
