{"/Users/dylankhiewtienjie/Developer/deposit-plan-case/src/utils/depositPlanUtils.ts": {"path":"/Users/dylankhiewtienjie/Developer/deposit-plan-case/src/utils/depositPlanUtils.ts","statementMap":{"0":{"start":{"line":2,"column":22},"end":{"line":4,"column":1}},"1":{"start":{"line":3,"column":2},"end":{"line":3,"column":72}},"2":{"start":{"line":3,"column":55},"end":{"line":3,"column":69}},"3":{"start":{"line":6,"column":9},"end":{"line":6,"column":22}}},"fnMap":{"0":{"name":"(anonymous_0)","decl":{"start":{"line":2,"column":22},"end":{"line":2,"column":23}},"loc":{"start":{"line":2,"column":38},"end":{"line":4,"column":1}}},"1":{"name":"(anonymous_1)","decl":{"start":{"line":3,"column":22},"end":{"line":3,"column":23}},"loc":{"start":{"line":3,"column":50},"end":{"line":3,"column":60}}}},"branchMap":{},"s":{"0":1,"1":1,"2":3,"3":1},"f":{"0":1,"1":3},"b":{}}
}
