{"/Users/dylankhiewtienjie/Developer/deposit-plan-case/src/index.ts": {"path":"/Users/dylankhiewtienjie/Developer/deposit-plan-case/src/index.ts","statementMap":{"0":{"start":{"line":3,"column":0},"end":{"line":3,"column":94}},"1":{"start":{"line":5,"column":0},"end":{"line":5,"column":84}},"2":{"start":{"line":13,"column":39},"end":{"line":51,"column":1}},"3":{"start":{"line":17,"column":57},"end":{"line":17,"column":59}},"4":{"start":{"line":19,"column":21},"end":{"line":19,"column":55}},"5":{"start":{"line":21,"column":33},"end":{"line":21,"column":77}},"6":{"start":{"line":23,"column":2},"end":{"line":25,"column":null}},"7":{"start":{"line":24,"column":4},"end":{"line":24,"column":29}},"8":{"start":{"line":27,"column":2},"end":{"line":48,"column":null}},"9":{"start":{"line":28,"column":4},"end":{"line":47,"column":null}},"10":{"start":{"line":30,"column":72},"end":{"line":32,"column":8}},"11":{"start":{"line":31,"column":8},"end":{"line":31,"column":55}},"12":{"start":{"line":34,"column":6},"end":{"line":46,"column":null}},"13":{"start":{"line":36,"column":8},"end":{"line":36,"column":43}},"14":{"start":{"line":39,"column":49},"end":{"line":41,"column":10}},"15":{"start":{"line":40,"column":10},"end":{"line":40,"column":57}},"16":{"start":{"line":42,"column":8},"end":{"line":45,"column":null}},"17":{"start":{"line":50,"column":2},"end":{"line":50,"column":27}},"18":{"start":{"line":13,"column":13},"end":{"line":13,"column":39}},"19":{"start":{"line":53,"column":0},"end":{"line":53,"column":38}},"20":{"start":{"line":54,"column":0},"end":{"line":54,"column":45}},"21":{"start":{"line":55,"column":0},"end":{"line":55,"column":78}},"22":{"start":{"line":56,"column":0},"end":{"line":60,"column":3}},"23":{"start":{"line":61,"column":0},"end":{"line":61,"column":45}},"24":{"start":{"line":62,"column":0},"end":{"line":62,"column":55}},"25":{"start":{"line":63,"column":0},"end":{"line":63,"column":27}},"26":{"start":{"line":64,"column":0},"end":{"line":64,"column":78}},"27":{"start":{"line":65,"column":0},"end":{"line":69,"column":3}},"28":{"start":{"line":70,"column":0},"end":{"line":70,"column":45}},"29":{"start":{"line":71,"column":0},"end":{"line":71,"column":55}},"30":{"start":{"line":72,"column":0},"end":{"line":72,"column":45}},"31":{"start":{"line":73,"column":0},"end":{"line":73,"column":60}},"32":{"start":{"line":74,"column":0},"end":{"line":78,"column":3}}},"fnMap":{"0":{"name":"(anonymous_2)","decl":{"start":{"line":13,"column":39},"end":{"line":13,"column":null}},"loc":{"start":{"line":15,"column":24},"end":{"line":51,"column":1}}},"1":{"name":"(anonymous_3)","decl":{"start":{"line":27,"column":23},"end":{"line":27,"column":24}},"loc":{"start":{"line":27,"column":35},"end":{"line":48,"column":3}}},"2":{"name":"(anonymous_4)","decl":{"start":{"line":28,"column":36},"end":{"line":28,"column":37}},"loc":{"start":{"line":28,"column":47},"end":{"line":47,"column":5}}},"3":{"name":"(anonymous_5)","decl":{"start":{"line":30,"column":95},"end":{"line":30,"column":96}},"loc":{"start":{"line":30,"column":102},"end":{"line":32,"column":7}}},"4":{"name":"(anonymous_6)","decl":{"start":{"line":39,"column":77},"end":{"line":39,"column":78}},"loc":{"start":{"line":39,"column":84},"end":{"line":41,"column":9}}}},"branchMap":{"0":{"loc":{"start":{"line":23,"column":2},"end":{"line":25,"column":null}},"type":"if","locations":[{"start":{"line":23,"column":2},"end":{"line":25,"column":null}}]},"1":{"loc":{"start":{"line":34,"column":6},"end":{"line":46,"column":null}},"type":"if","locations":[{"start":{"line":34,"column":6},"end":{"line":46,"column":null}},{"start":{"line":37,"column":13},"end":{"line":46,"column":null}}]}},"s":{"0":1,"1":1,"2":1,"3":5,"4":5,"5":5,"6":5,"7":4,"8":1,"9":2,"10":4,"11":4,"12":4,"13":2,"14":2,"15":3,"16":2,"17":1,"18":1,"19":1,"20":1,"21":1,"22":1,"23":1,"24":1,"25":1,"26":1,"27":1,"28":1,"29":1,"30":1,"31":1,"32":1},"f":{"0":5,"1":2,"2":4,"3":4,"4":3},"b":{"0":[4],"1":[2,2]}}
,"/Users/dylankhiewtienjie/Developer/deposit-plan-case/src/constants/depositPlanConstants.ts": {"path":"/Users/dylankhiewtienjie/Developer/deposit-plan-case/src/constants/depositPlanConstants.ts","statementMap":{"0":{"start":{"line":3,"column":13},"end":{"line":3,"column":45}},"1":{"start":{"line":5,"column":13},"end":{"line":5,"column":59}},"2":{"start":{"line":7,"column":13},"end":{"line":34,"column":2}}},"fnMap":{},"branchMap":{},"s":{"0":2,"1":2,"2":2},"f":{},"b":{}}
,"/Users/dylankhiewtienjie/Developer/deposit-plan-case/src/utils/depositPlanUtils.ts": {"path":"/Users/dylankhiewtienjie/Developer/deposit-plan-case/src/utils/depositPlanUtils.ts","statementMap":{"0":{"start":{"line":1,"column":0},"end":{"line":1,"column":80}},"1":{"start":{"line":4,"column":29},"end":{"line":9,"column":1}},"2":{"start":{"line":5,"column":2},"end":{"line":8,"column":35}},"3":{"start":{"line":8,"column":7},"end":{"line":8,"column":32}},"4":{"start":{"line":22,"column":9},"end":{"line":22,"column":29}},"5":{"start":{"line":11,"column":27},"end":{"line":20,"column":1}},"6":{"start":{"line":15,"column":36},"end":{"line":15,"column":64}},"7":{"start":{"line":16,"column":36},"end":{"line":16,"column":86}},"8":{"start":{"line":17,"column":19},"end":{"line":17,"column":38}},"9":{"start":{"line":19,"column":2},"end":{"line":19,"column":76}},"10":{"start":{"line":22,"column":31},"end":{"line":22,"column":49}}},"fnMap":{"0":{"name":"(anonymous_0)","decl":{"start":{"line":4,"column":29},"end":{"line":4,"column":30}},"loc":{"start":{"line":4,"column":45},"end":{"line":9,"column":1}}},"1":{"name":"(anonymous_1)","decl":{"start":{"line":5,"column":22},"end":{"line":5,"column":null}},"loc":{"start":{"line":7,"column":22},"end":{"line":8,"column":17}}},"2":{"name":"(anonymous_2)","decl":{"start":{"line":11,"column":27},"end":{"line":11,"column":null}},"loc":{"start":{"line":13,"column":20},"end":{"line":20,"column":1}}}},"branchMap":{"0":{"loc":{"start":{"line":19,"column":9},"end":{"line":19,"column":75}},"type":"binary-expr","locations":[{"start":{"line":19,"column":9},"end":{"line":19,"column":34}},{"start":{"line":19,"column":38},"end":{"line":19,"column":63}},{"start":{"line":19,"column":67},"end":{"line":19,"column":75}}]}},"s":{"0":2,"1":2,"2":7,"3":10,"4":2,"5":2,"6":10,"7":10,"8":10,"9":10,"10":2},"f":{"0":7,"1":10,"2":10},"b":{"0":[10,6,5]}}
}
