TN:
SF:src/index.ts
FN:13,(anonymous_2)
FN:27,(anonymous_3)
FN:28,(anonymous_4)
FN:30,(anonymous_5)
FN:39,(anonymous_6)
FNF:5
FNH:5
FNDA:5,(anonymous_2)
FNDA:2,(anonymous_3)
FNDA:4,(anonymous_4)
FNDA:4,(anonymous_5)
FNDA:3,(anonymous_6)
DA:3,1
DA:5,1
DA:13,1
DA:17,5
DA:19,5
DA:21,5
DA:23,5
DA:24,4
DA:27,1
DA:28,2
DA:30,4
DA:31,4
DA:34,4
DA:36,2
DA:39,2
DA:40,3
DA:42,2
DA:50,1
DA:53,1
DA:54,1
DA:55,1
DA:56,1
DA:61,1
DA:62,1
DA:63,1
DA:64,1
DA:65,1
DA:70,1
DA:71,1
DA:72,1
DA:73,1
DA:74,1
LF:32
LH:32
BRDA:23,0,0,4
BRDA:34,1,0,2
BRDA:34,1,1,2
BRF:3
BRH:3
end_of_record
TN:
SF:src/constants/depositPlanConstants.ts
FNF:0
FNH:0
DA:3,2
DA:5,2
DA:7,2
LF:3
LH:3
BRF:0
BRH:0
end_of_record
TN:
SF:src/utils/depositPlanUtils.ts
FN:4,(anonymous_0)
FN:5,(anonymous_1)
FN:11,(anonymous_2)
FNF:3
FNH:3
FNDA:7,(anonymous_0)
FNDA:10,(anonymous_1)
FNDA:10,(anonymous_2)
DA:1,2
DA:4,2
DA:5,7
DA:8,10
DA:11,2
DA:15,10
DA:16,10
DA:17,10
DA:19,10
DA:22,2
LF:10
LH:10
BRDA:19,0,0,10
BRDA:19,0,1,6
BRDA:19,0,2,5
BRF:3
BRH:3
end_of_record
